Flow report for wisdom_circuit
Thu Jul 15 09:08:51 2021
Quartus Prime Version 19.1.0 Build 670 09/22/2019 SJ Lite Edition


---------------------
; Table of Contents ;
---------------------
  1. Legal Notice
  2. Flow Summary
  3. Flow Settings
  4. Flow Non-Default Global Settings
  5. Flow Elapsed Time
  6. Flow OS Summary
  7. Flow Log
  8. Flow Messages
  9. Flow Suppressed Messages



----------------
; Legal Notice ;
----------------
Copyright (C) 2019  Intel Corporation. All rights reserved.
Your use of Intel Corporation's design tools, logic functions 
and other software and tools, and any partner logic 
functions, and any output files from any of the foregoing 
(including device programming or simulation files), and any 
associated documentation or information are expressly subject 
to the terms and conditions of the Intel Program License 
Subscription Agreement, the Intel Quartus Prime License Agreement,
the Intel FPGA IP License Agreement, or other applicable license
agreement, including, without limitation, that your use is for
the sole purpose of programming logic devices manufactured by
Intel and sold by Intel or its authorized distributors.  Please
refer to the applicable agreement for further details, at
https://fpgasoftware.intel.com/eula.



+-------------------------------------------------------------------------------+
; Flow Summary                                                                  ;
+---------------------------------+---------------------------------------------+
; Flow Status                     ; Successful - Thu Jul 15 09:08:50 2021       ;
; Quartus Prime Version           ; 19.1.0 Build 670 09/22/2019 SJ Lite Edition ;
; Revision Name                   ; wisdom_circuit                              ;
; Top-level Entity Name           ; wisdom_circuit                              ;
; Family                          ; Cyclone V                                   ;
; Device                          ; 5CGXFC7C7F23C8                              ;
; Timing Models                   ; Final                                       ;
; Logic utilization (in ALMs)     ; 351 / 56,480 ( < 1 % )                      ;
; Total registers                 ; 344                                         ;
; Total pins                      ; 23 / 268 ( 9 % )                            ;
; Total virtual pins              ; 0                                           ;
; Total block memory bits         ; 512 / 7,024,640 ( < 1 % )                   ;
; Total DSP Blocks                ; 0 / 156 ( 0 % )                             ;
; Total HSSI RX PCSs              ; 0 / 6 ( 0 % )                               ;
; Total HSSI PMA RX Deserializers ; 0 / 6 ( 0 % )                               ;
; Total HSSI TX PCSs              ; 0 / 6 ( 0 % )                               ;
; Total HSSI PMA TX Serializers   ; 0 / 6 ( 0 % )                               ;
; Total PLLs                      ; 0 / 13 ( 0 % )                              ;
; Total DLLs                      ; 0 / 4 ( 0 % )                               ;
+---------------------------------+---------------------------------------------+


+-----------------------------------------+
; Flow Settings                           ;
+-------------------+---------------------+
; Option            ; Setting             ;
+-------------------+---------------------+
; Start date & time ; 07/15/2021 09:04:26 ;
; Main task         ; Compilation         ;
; Revision Name     ; wisdom_circuit      ;
+-------------------+---------------------+


+--------------------------------------------------------------------------------------------------------------------------------+
; Flow Non-Default Global Settings                                                                                               ;
+----------------------------------------+----------------------------------------+---------------+-------------+----------------+
; Assignment Name                        ; Value                                  ; Default Value ; Entity Name ; Section Id     ;
+----------------------------------------+----------------------------------------+---------------+-------------+----------------+
; COMPILER_SIGNATURE_ID                  ; 167690716119741.162635066508422        ; --            ; --          ; --             ;
; EDA_DESIGN_INSTANCE_NAME               ; NA                                     ; --            ; --          ; tb_disciple    ;
; EDA_DESIGN_INSTANCE_NAME               ; NA                                     ; --            ; --          ; tb_global      ;
; EDA_NATIVELINK_SIMULATION_SETUP_SCRIPT ; VHDL/tb_global/run_sim.txt             ; --            ; --          ; eda_simulation ;
; EDA_NATIVELINK_SIMULATION_TEST_BENCH   ; tb_global                              ; --            ; --          ; eda_simulation ;
; EDA_OUTPUT_DATA_FORMAT                 ; Vhdl                                   ; --            ; --          ; eda_simulation ;
; EDA_SIMULATION_TOOL                    ; ModelSim (VHDL)                        ; <None>        ; --          ; --             ;
; EDA_TEST_BENCH_ENABLE_STATUS           ; TEST_BENCH_MODE                        ; --            ; --          ; eda_simulation ;
; EDA_TEST_BENCH_FILE                    ; VHDL/wisdom_package.vhd                ; --            ; --          ; tb_disciple    ;
; EDA_TEST_BENCH_FILE                    ; VHDL/tb/clock_generator.vhd            ; --            ; --          ; tb_disciple    ;
; EDA_TEST_BENCH_FILE                    ; VHDL/tb/Alert_check.vhd                ; --            ; --          ; tb_disciple    ;
; EDA_TEST_BENCH_FILE                    ; VHDL/tb/Alert_gen.vhd                  ; --            ; --          ; tb_disciple    ;
; EDA_TEST_BENCH_FILE                    ; VHDL/tb/step_addr_check.vhd            ; --            ; --          ; tb_disciple    ;
; EDA_TEST_BENCH_FILE                    ; VHDL/tb/fifo_1.vhd                     ; --            ; --          ; tb_disciple    ;
; EDA_TEST_BENCH_FILE                    ; VHDL/tb/message_print.vhd              ; --            ; --          ; tb_disciple    ;
; EDA_TEST_BENCH_FILE                    ; VHDL/tb/stimuli_disciple.vhd           ; --            ; --          ; tb_disciple    ;
; EDA_TEST_BENCH_FILE                    ; VHDL/tb/tb_disciple.vhd                ; --            ; --          ; tb_disciple    ;
; EDA_TEST_BENCH_FILE                    ; VHDL/tb_global/clock_generator.vhd     ; --            ; --          ; tb_global      ;
; EDA_TEST_BENCH_FILE                    ; VHDL/tb_global/address_counter.vhd     ; --            ; --          ; tb_global      ;
; EDA_TEST_BENCH_FILE                    ; VHDL/tb_global/map_monitor.vhd         ; --            ; --          ; tb_global      ;
; EDA_TEST_BENCH_FILE                    ; VHDL/tb_global/stimuli_wisdom.vhd      ; --            ; --          ; tb_global      ;
; EDA_TEST_BENCH_FILE                    ; VHDL/tb_global/tb_wisdom.vhd           ; --            ; --          ; tb_global      ;
; EDA_TEST_BENCH_MODULE_NAME             ; tb_disciple                            ; --            ; --          ; tb_disciple    ;
; EDA_TEST_BENCH_MODULE_NAME             ; tb_global                              ; --            ; --          ; tb_global      ;
; EDA_TEST_BENCH_NAME                    ; tb_disciple                            ; --            ; --          ; eda_simulation ;
; EDA_TEST_BENCH_NAME                    ; tb_global                              ; --            ; --          ; eda_simulation ;
; EDA_TIME_SCALE                         ; 1 ps                                   ; --            ; --          ; eda_simulation ;
; MAX_CORE_JUNCTION_TEMP                 ; 85                                     ; --            ; --          ; --             ;
; MIN_CORE_JUNCTION_TEMP                 ; 0                                      ; --            ; --          ; --             ;
; PARTITION_COLOR                        ; -- (Not supported for targeted family) ; --            ; --          ; Top            ;
; PARTITION_FITTER_PRESERVATION_LEVEL    ; -- (Not supported for targeted family) ; --            ; --          ; Top            ;
; PARTITION_NETLIST_TYPE                 ; -- (Not supported for targeted family) ; --            ; --          ; Top            ;
; POWER_BOARD_THERMAL_MODEL              ; None (CONSERVATIVE)                    ; --            ; --          ; --             ;
; POWER_PRESET_COOLING_SOLUTION          ; 23 MM HEAT SINK WITH 200 LFPM AIRFLOW  ; --            ; --          ; --             ;
+----------------------------------------+----------------------------------------+---------------+-------------+----------------+


+--------------------------------------------------------------------------------------------------------------------------+
; Flow Elapsed Time                                                                                                        ;
+----------------------+--------------+-------------------------+---------------------+------------------------------------+
; Module Name          ; Elapsed Time ; Average Processors Used ; Peak Virtual Memory ; Total CPU Time (on all processors) ;
+----------------------+--------------+-------------------------+---------------------+------------------------------------+
; Analysis & Synthesis ; 00:00:42     ; 1.0                     ; 1024 MB             ; 00:00:30                           ;
; Fitter               ; 00:02:13     ; 1.0                     ; 2312 MB             ; 00:02:33                           ;
; Assembler            ; 00:00:36     ; 1.0                     ; 951 MB              ; 00:00:11                           ;
; Timing Analyzer      ; 00:00:35     ; 1.2                     ; 1260 MB             ; 00:00:13                           ;
; EDA Netlist Writer   ; 00:00:22     ; 1.0                     ; 1131 MB             ; 00:00:02                           ;
; Total                ; 00:04:28     ; --                      ; --                  ; 00:03:29                           ;
+----------------------+--------------+-------------------------+---------------------+------------------------------------+


+----------------------------------------------------------------------------------------+
; Flow OS Summary                                                                        ;
+----------------------+------------------+----------------+------------+----------------+
; Module Name          ; Machine Hostname ; OS Name        ; OS Version ; Processor type ;
+----------------------+------------------+----------------+------------+----------------+
; Analysis & Synthesis ; gabriel-POLI     ; Ubuntu 20.04.2 ; 20         ; x86_64         ;
; Fitter               ; gabriel-POLI     ; Ubuntu 20.04.2 ; 20         ; x86_64         ;
; Assembler            ; gabriel-POLI     ; Ubuntu 20.04.2 ; 20         ; x86_64         ;
; Timing Analyzer      ; gabriel-POLI     ; Ubuntu 20.04.2 ; 20         ; x86_64         ;
; EDA Netlist Writer   ; gabriel-POLI     ; Ubuntu 20.04.2 ; 20         ; x86_64         ;
+----------------------+------------------+----------------+------------+----------------+


------------
; Flow Log ;
------------
quartus_map --read_settings_files=on --write_settings_files=off wisdom_circuit -c wisdom_circuit
quartus_fit --read_settings_files=off --write_settings_files=off wisdom_circuit -c wisdom_circuit
quartus_asm --read_settings_files=off --write_settings_files=off wisdom_circuit -c wisdom_circuit
quartus_sta wisdom_circuit -c wisdom_circuit
quartus_eda --read_settings_files=off --write_settings_files=off wisdom_circuit -c wisdom_circuit



