Flow report for base_control
Thu Jun 17 11:40:32 2021
Quartus Prime Version 19.1.0 Build 670 09/22/2019 SJ Lite Edition


---------------------
; Table of Contents ;
---------------------
  1. Legal Notice
  2. Flow Summary
  3. Flow Settings
  4. Flow Non-Default Global Settings
  5. Flow Elapsed Time
  6. Flow OS Summary
  7. Flow Log
  8. Flow Messages
  9. Flow Suppressed Messages



----------------
; Legal Notice ;
----------------
Copyright (C) 2019  Intel Corporation. All rights reserved.
Your use of Intel Corporation's design tools, logic functions 
and other software and tools, and any partner logic 
functions, and any output files from any of the foregoing 
(including device programming or simulation files), and any 
associated documentation or information are expressly subject 
to the terms and conditions of the Intel Program License 
Subscription Agreement, the Intel Quartus Prime License Agreement,
the Intel FPGA IP License Agreement, or other applicable license
agreement, including, without limitation, that your use is for
the sole purpose of programming logic devices manufactured by
Intel and sold by Intel or its authorized distributors.  Please
refer to the applicable agreement for further details, at
https://fpgasoftware.intel.com/eula.



+-------------------------------------------------------------------------------+
; Flow Summary                                                                  ;
+---------------------------------+---------------------------------------------+
; Flow Status                     ; Successful - Thu Jun 17 11:40:32 2021       ;
; Quartus Prime Version           ; 19.1.0 Build 670 09/22/2019 SJ Lite Edition ;
; Revision Name                   ; base_control                                ;
; Top-level Entity Name           ; base_control                                ;
; Family                          ; Cyclone V                                   ;
; Device                          ; 5CSEMA6F31C6                                ;
; Timing Models                   ; Final                                       ;
; Logic utilization (in ALMs)     ; 99 / 41,910 ( < 1 % )                       ;
; Total registers                 ; 106                                         ;
; Total pins                      ; 45 / 457 ( 10 % )                           ;
; Total virtual pins              ; 0                                           ;
; Total block memory bits         ; 0 / 5,662,720 ( 0 % )                       ;
; Total DSP Blocks                ; 0 / 112 ( 0 % )                             ;
; Total HSSI RX PCSs              ; 0                                           ;
; Total HSSI PMA RX Deserializers ; 0                                           ;
; Total HSSI TX PCSs              ; 0                                           ;
; Total HSSI PMA TX Serializers   ; 0                                           ;
; Total PLLs                      ; 0 / 6 ( 0 % )                               ;
; Total DLLs                      ; 0 / 4 ( 0 % )                               ;
+---------------------------------+---------------------------------------------+


+-----------------------------------------+
; Flow Settings                           ;
+-------------------+---------------------+
; Option            ; Setting             ;
+-------------------+---------------------+
; Start date & time ; 06/17/2021 11:21:33 ;
; Main task         ; Compilation         ;
; Revision Name     ; base_control        ;
+-------------------+---------------------+


+-------------------------------------------------------------------------------------------------------------------------------------------------+
; Flow Non-Default Global Settings                                                                                                                ;
+--------------------------------------+----------------------------------------+---------------+-------------+-----------------------------------+
; Assignment Name                      ; Value                                  ; Default Value ; Entity Name ; Section Id                        ;
+--------------------------------------+----------------------------------------+---------------+-------------+-----------------------------------+
; COMPILER_SIGNATURE_ID                ; 167690716119741.162393969335129        ; --            ; --          ; --                                ;
; EDA_DESIGN_INSTANCE_NAME             ; NA                                     ; --            ; --          ; tb_base_control                   ;
; EDA_GENERATE_FUNCTIONAL_NETLIST      ; Off                                    ; --            ; --          ; eda_board_design_timing           ;
; EDA_GENERATE_FUNCTIONAL_NETLIST      ; Off                                    ; --            ; --          ; eda_board_design_boundary_scan    ;
; EDA_GENERATE_FUNCTIONAL_NETLIST      ; Off                                    ; --            ; --          ; eda_board_design_signal_integrity ;
; EDA_GENERATE_FUNCTIONAL_NETLIST      ; Off                                    ; --            ; --          ; eda_board_design_symbol           ;
; EDA_NATIVELINK_SIMULATION_TEST_BENCH ; tb_base_control                        ; --            ; --          ; eda_simulation                    ;
; EDA_OUTPUT_DATA_FORMAT               ; Vhdl                                   ; --            ; --          ; eda_simulation                    ;
; EDA_SIMULATION_TOOL                  ; ModelSim (VHDL)                        ; <None>        ; --          ; --                                ;
; EDA_TEST_BENCH_ENABLE_STATUS         ; TEST_BENCH_MODE                        ; --            ; --          ; eda_simulation                    ;
; EDA_TEST_BENCH_FILE                  ; ../sim/tb_base_control.vhd             ; --            ; --          ; tb_base_control                   ;
; EDA_TEST_BENCH_FILE                  ; ../sim/stimuli_base_control.vhd        ; --            ; --          ; tb_base_control                   ;
; EDA_TEST_BENCH_MODULE_NAME           ; tb_base_control                        ; --            ; --          ; tb_base_control                   ;
; EDA_TEST_BENCH_NAME                  ; tb_base_control                        ; --            ; --          ; eda_simulation                    ;
; EDA_TEST_BENCH_RUN_SIM_FOR           ; 2 s                                    ; --            ; --          ; tb_base_control                   ;
; EDA_TIME_SCALE                       ; 1 ps                                   ; --            ; --          ; eda_simulation                    ;
; FITTER_EFFORT                        ; Standard Fit                           ; Auto Fit      ; --          ; --                                ;
; MAX_CORE_JUNCTION_TEMP               ; 85                                     ; --            ; --          ; --                                ;
; MIN_CORE_JUNCTION_TEMP               ; 0                                      ; --            ; --          ; --                                ;
; OPTIMIZATION_MODE                    ; High Performance Effort                ; Balanced      ; --          ; --                                ;
; PARTITION_COLOR                      ; -- (Not supported for targeted family) ; --            ; --          ; Top                               ;
; PARTITION_FITTER_PRESERVATION_LEVEL  ; -- (Not supported for targeted family) ; --            ; --          ; Top                               ;
; PARTITION_NETLIST_TYPE               ; -- (Not supported for targeted family) ; --            ; --          ; Top                               ;
; PHYSICAL_SYNTHESIS_COMBO_LOGIC       ; On                                     ; Off           ; --          ; --                                ;
; PHYSICAL_SYNTHESIS_REGISTER_RETIMING ; On                                     ; Off           ; --          ; --                                ;
; PLACEMENT_EFFORT_MULTIPLIER          ; 4.0                                    ; 1.0           ; --          ; --                                ;
; POWER_BOARD_THERMAL_MODEL            ; None (CONSERVATIVE)                    ; --            ; --          ; --                                ;
; POWER_PRESET_COOLING_SOLUTION        ; 23 MM HEAT SINK WITH 200 LFPM AIRFLOW  ; --            ; --          ; --                                ;
; PROJECT_OUTPUT_DIRECTORY             ; output_files                           ; --            ; --          ; --                                ;
; ROUTER_TIMING_OPTIMIZATION_LEVEL     ; MAXIMUM                                ; Normal        ; --          ; --                                ;
+--------------------------------------+----------------------------------------+---------------+-------------+-----------------------------------+


+--------------------------------------------------------------------------------------------------------------------------+
; Flow Elapsed Time                                                                                                        ;
+----------------------+--------------+-------------------------+---------------------+------------------------------------+
; Module Name          ; Elapsed Time ; Average Processors Used ; Peak Virtual Memory ; Total CPU Time (on all processors) ;
+----------------------+--------------+-------------------------+---------------------+------------------------------------+
; Analysis & Synthesis ; 00:00:35     ; 1.0                     ; 990 MB              ; 00:00:29                           ;
; Fitter               ; 00:01:34     ; 1.0                     ; 2164 MB             ; 00:01:49                           ;
; Assembler            ; 00:00:30     ; 1.0                     ; 959 MB              ; 00:00:09                           ;
; Timing Analyzer      ; 00:00:29     ; 1.1                     ; 1147 MB             ; 00:00:08                           ;
; EDA Netlist Writer   ; 00:00:22     ; 1.0                     ; 1105 MB             ; 00:00:01                           ;
; EDA Netlist Writer   ; 00:00:21     ; 1.0                     ; 1106 MB             ; 00:00:01                           ;
; EDA Netlist Writer   ; 00:00:21     ; 1.0                     ; 1105 MB             ; 00:00:01                           ;
; EDA Netlist Writer   ; 00:00:22     ; 1.0                     ; 1106 MB             ; 00:00:02                           ;
; EDA Netlist Writer   ; 00:00:22     ; 1.0                     ; 1103 MB             ; 00:00:01                           ;
; Total                ; 00:04:56     ; --                      ; --                  ; 00:02:41                           ;
+----------------------+--------------+-------------------------+---------------------+------------------------------------+


+----------------------------------------------------------------------------------------+
; Flow OS Summary                                                                        ;
+----------------------+------------------+----------------+------------+----------------+
; Module Name          ; Machine Hostname ; OS Name        ; OS Version ; Processor type ;
+----------------------+------------------+----------------+------------+----------------+
; Analysis & Synthesis ; gabriel-POLI     ; Ubuntu 20.04.2 ; 20         ; x86_64         ;
; Fitter               ; gabriel-POLI     ; Ubuntu 20.04.2 ; 20         ; x86_64         ;
; Assembler            ; gabriel-POLI     ; Ubuntu 20.04.2 ; 20         ; x86_64         ;
; Timing Analyzer      ; gabriel-POLI     ; Ubuntu 20.04.2 ; 20         ; x86_64         ;
; EDA Netlist Writer   ; gabriel-POLI     ; Ubuntu 20.04.2 ; 20         ; x86_64         ;
; EDA Netlist Writer   ; gabriel-POLI     ; Ubuntu 20.04.2 ; 20         ; x86_64         ;
; EDA Netlist Writer   ; gabriel-POLI     ; Ubuntu 20.04.2 ; 20         ; x86_64         ;
; EDA Netlist Writer   ; gabriel-POLI     ; Ubuntu 20.04.2 ; 20         ; x86_64         ;
; EDA Netlist Writer   ; gabriel-POLI     ; Ubuntu 20.04.2 ; 20         ; x86_64         ;
+----------------------+------------------+----------------+------------+----------------+


------------
; Flow Log ;
------------
quartus_map --read_settings_files=on --write_settings_files=off base_control -c base_control
quartus_fit --read_settings_files=off --write_settings_files=off base_control -c base_control
quartus_asm --read_settings_files=off --write_settings_files=off base_control -c base_control
quartus_sta base_control -c base_control
quartus_eda --read_settings_files=off --write_settings_files=off base_control -c base_control
quartus_eda --read_settings_files=on --write_settings_files=off base_control -c base_control
quartus_eda --read_settings_files=on --write_settings_files=off base_control -c base_control
quartus_eda --read_settings_files=on --write_settings_files=off base_control -c base_control
quartus_eda --read_settings_files=on --write_settings_files=off base_control -c base_control



