Archive Project report for flsr
Tue Jul 27 15:59:22 2021
Quartus Prime Version 19.1.0 Build 670 09/22/2019 SJ Lite Edition


---------------------
; Table of Contents ;
---------------------
  1. Legal Notice
  2. Archive Project Summary
  3. Archive Project Messages
  4. Files Archived



----------------
; Legal Notice ;
----------------
Copyright (C) 2019  Intel Corporation. All rights reserved.
Your use of Intel Corporation's design tools, logic functions 
and other software and tools, and any partner logic 
functions, and any output files from any of the foregoing 
(including device programming or simulation files), and any 
associated documentation or information are expressly subject 
to the terms and conditions of the Intel Program License 
Subscription Agreement, the Intel Quartus Prime License Agreement,
the Intel FPGA IP License Agreement, or other applicable license
agreement, including, without limitation, that your use is for
the sole purpose of programming logic devices manufactured by
Intel and sold by Intel or its authorized distributors.  Please
refer to the applicable agreement for further details, at
https://fpgasoftware.intel.com/eula.



+----------------------------------------------------------------+
; Archive Project Summary                                        ;
+------------------------+---------------------------------------+
; Archive Project Status ; Successful - Tue Jul 27 15:59:22 2021 ;
; Revision Name          ; flsr                                  ;
; Top-level Entity Name  ; rand_num                              ;
; Family                 ; Cyclone V                             ;
+------------------------+---------------------------------------+


+--------------------------+
; Archive Project Messages ;
+--------------------------+
Warning (292006): Can't contact license server "1800@license" -- this server will be ignored.
Warning (292006): Can't contact license server "1800@license.lme.usp.br" -- this server will be ignored.
Info: File Set 'Source control' contains:
    Info: Project source and settings files
    Info: Automatically detected source files
Warning: Hierarchical Platform Designer systems and custom IP components(_hw.tcl and associated files) are not archived by the Quartus Archiver
Info: Archive will store files relative to the closest common parent directory
Info (13213): Using common directory /home/gabriel/Desktop/POLI/9Semestre/PSI3451/Prova/Projeto 1/
Info: ----------------------------------------------------------
Info: ----------------------------------------------------------
Info: Generated archive '/home/gabriel/Desktop/POLI/9Semestre/PSI3451/Prova/Projeto 1/flsr.qar'
Info: ----------------------------------------------------------
Info: ----------------------------------------------------------
Info: Generated report 'flsr.archive.rpt'
Info (23030): Evaluation of Tcl script /opt/altera/19.1/quartus/common/tcl/apps/qpm/qar.tcl was successful
Info: Quartus Prime Shell was successful. 0 errors, 3 warnings
    Info: Peak virtual memory: 1014 megabytes
    Info: Processing ended: Tue Jul 27 15:59:22 2021
    Info: Elapsed time: 00:00:22
    Info: Total CPU time (on all processors): 00:00:01


+----------------------------------------------------------+
; Files Archived                                           ;
+----------------------------------------------------------+
; File Name                                                ;
+----------------------------------------------------------+
; /opt/altera/19.1/quartus/linux64/assignment_defaults.qdf ;
; clock_generator.vhd                                      ;
; d_reg.vhd                                                ;
; flsr.qpf                                                 ;
; flsr.qsf                                                 ;
; flsr.vhd                                                 ;
; or2.vhd                                                  ;
; rand_num.vhd                                             ;
; stimuli.vhd                                              ;
; testbench_rand_num.vhd                                   ;
; xor2.vhd                                                 ;
+----------------------------------------------------------+


